<?xml version="1.0" encoding="UTF-8"?>
<!-- Generated by org.testng.reporters.JUnitXMLReporter -->
<testsuite ignored="8" hostname="deepika-laptop" failures="0" tests="1" name="Surefire test" time="0.015" errors="0" timestamp="06 Jun 2022 06:16:30 GMT">
  <testcase classname="maven.Home.javaPrograms" name="ifDigitPresent" time="0.004"/>
  <testcase classname="maven.Home.javaPrograms" name="extentMethod" time="0.0">
    <ignored/>
  </testcase> <!-- extentMethod -->
  <testcase classname="maven.Home.javaPrograms" name="sorting" time="0.0">
    <ignored/>
  </testcase> <!-- sorting -->
  <testcase classname="maven.Home.javaPrograms" name="excelSheetRetrieval" time="0.0">
    <ignored/>
  </testcase> <!-- excelSheetRetrieval -->
  <testcase classname="maven.Home.javaPrograms" name="paramMethod" time="0.0">
    <ignored/>
  </testcase> <!-- paramMethod -->
  <testcase classname="maven.Home.javaPrograms" name="duplicateRemoval" time="0.0">
    <ignored/>
  </testcase> <!-- duplicateRemoval -->
  <testcase classname="maven.Home.javaPrograms" name="excelReadWrite" time="0.0">
    <ignored/>
  </testcase> <!-- excelReadWrite -->
  <testcase classname="maven.Home.javaPrograms" name="arraySum" time="0.0">
    <ignored/>
  </testcase> <!-- arraySum -->
  <testcase classname="maven.Home.javaPrograms" name="getdata" time="0.0">
    <ignored/>
  </testcase> <!-- getdata -->
</testsuite> <!-- Surefire test -->
