<?xml version="1.0" encoding="UTF-8"?>
<!-- Generated by org.testng.reporters.JUnitXMLReporter -->
<testsuite ignored="4" hostname="deepika-laptop" failures="0" tests="2" name="Test1" time="0.077" errors="0" timestamp="2022-09-02T23:25:26 IST">
  <testcase classname="maven.Home.java3" name="screen" time="0.01"/>
  <testcase classname="maven.Home.java3" name="screen" time="0.002"/>
  <testcase classname="maven.Home.java3" name="method2" time="0.0">
    <ignored/>
  </testcase> <!-- method2 -->
  <testcase classname="maven.Home.java3" name="method1" time="0.0">
    <ignored/>
  </testcase> <!-- method1 -->
  <testcase classname="maven.Home.java3" name="method3" time="0.0">
    <ignored/>
  </testcase> <!-- method3 -->
  <testcase classname="maven.Home.java3" name="fram" time="0.0">
    <ignored/>
  </testcase> <!-- fram -->
</testsuite> <!-- Test1 -->
