<?xml version="1.0" encoding="UTF-8"?>
<!-- Generated by org.testng.reporters.JUnitXMLReporter -->
<testsuite ignored="0" hostname="deepika-laptop" failures="0" tests="3" name="Test" time="0.947" errors="0" timestamp="25 May 2022 07:55:12 GMT">
  <testcase classname="maven.Home.javaPrograms" name="PropFileRetrieval" time="0.195"/>
  <testcase classname="maven.Home.javaPrograms" name="excelReadWrite" time="0.419"/>
  <testcase classname="maven.Home.javaPrograms" name="method1" time="0.001"/>
</testsuite> <!-- Test -->
