<?xml version="1.0" encoding="UTF-8"?>
<!-- Generated by org.testng.reporters.JUnitXMLReporter -->
<testsuite ignored="1" hostname="deepika-laptop" failures="2" tests="9" name="Test1" time="0.762" errors="0" timestamp="06 Jun 2022 06:42:45 GMT">
  <testcase classname="maven.Home.TwoDArray" name="arrSort" time="0.183"/>
  <testcase classname="maven.Home.TwoDArray" name="dbconn" time="0.018">
    <failure type="java.sql.SQLException" message="No suitable driver found for ">
      <![CDATA[java.sql.SQLException: No suitable driver found for 
	at java.sql/java.sql.DriverManager.getConnection(DriverManager.java:702)
	at java.sql/java.sql.DriverManager.getConnection(DriverManager.java:251)
	at maven.Home.TwoDArray.dbconn(TwoDArray.java:35)
	at java.base/java.util.concurrent.FutureTask.run(FutureTask.java:264)
	at java.base/java.util.concurrent.ThreadPoolExecutor.runWorker(ThreadPoolExecutor.java:1128)
	at java.base/java.util.concurrent.ThreadPoolExecutor$Worker.run(ThreadPoolExecutor.java:628)
	at java.base/java.lang.Thread.run(Thread.java:834)
... Removed 16 stack frames]]>
    </failure>
  </testcase> <!-- dbconn -->
  <testcase classname="maven.Home.TwoDArray" name="dup" time="0.001"/>
  <testcase classname="maven.Home.TwoDArray" name="dupremoval" time="0.001"/>
  <testcase classname="maven.Home.TwoDArray" name="goo" time="0.008">
    <failure type="java.lang.NullPointerException">
      <![CDATA[java.lang.NullPointerException
	at resources.Base.initializer(Base.java:37)
	at maven.Home.TwoDArray.goo(TwoDArray.java:45)
	at java.base/java.util.concurrent.FutureTask.run(FutureTask.java:264)
	at java.base/java.util.concurrent.ThreadPoolExecutor.runWorker(ThreadPoolExecutor.java:1128)
	at java.base/java.util.concurrent.ThreadPoolExecutor$Worker.run(ThreadPoolExecutor.java:628)
	at java.base/java.lang.Thread.run(Thread.java:834)
... Removed 16 stack frames]]>
    </failure>
  </testcase> <!-- goo -->
  <testcase classname="maven.Home.TwoDArray" name="palindrome" time="0.001"/>
  <testcase classname="maven.Home.TwoDArray" name="primeCheck" time="0.001"/>
  <testcase classname="maven.Home.TwoDArray" name="pyramid" time="0.001"/>
  <testcase classname="maven.Home.TwoDArray" name="smallest" time="0.001"/>
  <testcase classname="maven.Home.TwoDArray" name="excelretrieval" time="0.0">
    <ignored/>
  </testcase> <!-- excelretrieval -->
</testsuite> <!-- Test1 -->
