<?xml version="1.0" encoding="UTF-8"?>
<testsuite xmlns:xsi="http://www.w3.org/2001/XMLSchema-instance" xsi:noNamespaceSchemaLocation="https://maven.apache.org/surefire/maven-surefire-plugin/xsd/surefire-test-report-3.0.xsd" version="3.0" name="maven.Home.javaPrograms" time="0.323" tests="1" errors="0" skipped="0" failures="0">
  <properties>
[...]
</properties>
  <testcase name="ifDigitPresent" classname="maven.Home.javaPrograms" time="0.005">
    <system-out><![CDATA[digit ispresentfalse
]]></system-out>
  </testcase>
</testsuite>