<?xml version="1.0" encoding="UTF-8"?>
<testng-results ignored="1" total="10" passed="7" failed="2" skipped="0">
  <reporter-output>
  </reporter-output>
  <suite started-at="2022-06-06T06:42:45Z" name="Suite" finished-at="2022-06-06T06:42:45Z" duration-ms="762">
    <groups>
    </groups>
    <test started-at="2022-06-06T06:42:45Z" name="test2" finished-at="2022-06-06T06:42:45Z" duration-ms="7">
    </test> <!-- test2 -->
    <test started-at="2022-06-06T06:42:45Z" name="Test1" finished-at="2022-06-06T06:42:45Z" duration-ms="762">
      <class name="maven.Home.TwoDArray">
        <test-method signature="arrSort()[pri:0, instance:maven.Home.TwoDArray@616ac46a]" started-at="2022-06-06T12:12:45Z" name="arrSort" finished-at="2022-06-06T12:12:45Z" duration-ms="183" status="PASS">
          <reporter-output>
          </reporter-output>
        </test-method> <!-- arrSort -->
        <test-method signature="dbconn()[pri:0, instance:maven.Home.TwoDArray@616ac46a]" started-at="2022-06-06T12:12:45Z" name="dbconn" finished-at="2022-06-06T12:12:45Z" duration-ms="18" status="FAIL">
          <exception class="java.sql.SQLException">
            <message>
              <![CDATA[No suitable driver found for ]]>
            </message>
            <full-stacktrace>
              <![CDATA[java.sql.SQLException: No suitable driver found for 
	at java.sql/java.sql.DriverManager.getConnection(DriverManager.java:702)
	at java.sql/java.sql.DriverManager.getConnection(DriverManager.java:251)
	at maven.Home.TwoDArray.dbconn(TwoDArray.java:35)
	at java.base/jdk.internal.reflect.NativeMethodAccessorImpl.invoke0(Native Method)
	at java.base/jdk.internal.reflect.NativeMethodAccessorImpl.invoke(NativeMethodAccessorImpl.java:62)
	at java.base/jdk.internal.reflect.DelegatingMethodAccessorImpl.invoke(DelegatingMethodAccessorImpl.java:43)
	at java.base/java.lang.reflect.Method.invoke(Method.java:566)
	at org.testng.internal.MethodInvocationHelper.invokeMethod(MethodInvocationHelper.java:108)
	at org.testng.internal.Invoker.invokeMethod(Invoker.java:661)
	at org.testng.internal.Invoker.invokeTestMethod(Invoker.java:869)
	at org.testng.internal.Invoker.invokeTestMethods(Invoker.java:1193)
	at org.testng.internal.TestMethodWorker.invokeTestMethods(TestMethodWorker.java:126)
	at org.testng.internal.TestMethodWorker.run(TestMethodWorker.java:109)
	at org.testng.TestRunner.privateRun(TestRunner.java:744)
	at org.testng.TestRunner.run(TestRunner.java:602)
	at org.testng.SuiteRunner.runTest(SuiteRunner.java:380)
	at org.testng.SuiteRunner.access$000(SuiteRunner.java:39)
	at org.testng.SuiteRunner$SuiteWorker.run(SuiteRunner.java:414)
	at org.testng.internal.thread.ThreadUtil$1.call(ThreadUtil.java:52)
	at java.base/java.util.concurrent.FutureTask.run(FutureTask.java:264)
	at java.base/java.util.concurrent.ThreadPoolExecutor.runWorker(ThreadPoolExecutor.java:1128)
	at java.base/java.util.concurrent.ThreadPoolExecutor$Worker.run(ThreadPoolExecutor.java:628)
	at java.base/java.lang.Thread.run(Thread.java:834)
]]>
            </full-stacktrace>
          </exception> <!-- java.sql.SQLException -->
          <reporter-output>
          </reporter-output>
        </test-method> <!-- dbconn -->
        <test-method signature="dup()[pri:0, instance:maven.Home.TwoDArray@616ac46a]" started-at="2022-06-06T12:12:45Z" name="dup" finished-at="2022-06-06T12:12:45Z" duration-ms="1" status="PASS">
          <reporter-output>
          </reporter-output>
        </test-method> <!-- dup -->
        <test-method signature="dupremoval()[pri:0, instance:maven.Home.TwoDArray@616ac46a]" started-at="2022-06-06T12:12:45Z" name="dupremoval" finished-at="2022-06-06T12:12:45Z" duration-ms="1" status="PASS">
          <reporter-output>
          </reporter-output>
        </test-method> <!-- dupremoval -->
        <test-method signature="goo()[pri:0, instance:maven.Home.TwoDArray@616ac46a]" started-at="2022-06-06T12:12:45Z" name="goo" finished-at="2022-06-06T12:12:45Z" duration-ms="8" status="FAIL">
          <exception class="java.lang.NullPointerException">
            <full-stacktrace>
              <![CDATA[java.lang.NullPointerException
	at resources.Base.initializer(Base.java:37)
	at maven.Home.TwoDArray.goo(TwoDArray.java:45)
	at java.base/jdk.internal.reflect.NativeMethodAccessorImpl.invoke0(Native Method)
	at java.base/jdk.internal.reflect.NativeMethodAccessorImpl.invoke(NativeMethodAccessorImpl.java:62)
	at java.base/jdk.internal.reflect.DelegatingMethodAccessorImpl.invoke(DelegatingMethodAccessorImpl.java:43)
	at java.base/java.lang.reflect.Method.invoke(Method.java:566)
	at org.testng.internal.MethodInvocationHelper.invokeMethod(MethodInvocationHelper.java:108)
	at org.testng.internal.Invoker.invokeMethod(Invoker.java:661)
	at org.testng.internal.Invoker.invokeTestMethod(Invoker.java:869)
	at org.testng.internal.Invoker.invokeTestMethods(Invoker.java:1193)
	at org.testng.internal.TestMethodWorker.invokeTestMethods(TestMethodWorker.java:126)
	at org.testng.internal.TestMethodWorker.run(TestMethodWorker.java:109)
	at org.testng.TestRunner.privateRun(TestRunner.java:744)
	at org.testng.TestRunner.run(TestRunner.java:602)
	at org.testng.SuiteRunner.runTest(SuiteRunner.java:380)
	at org.testng.SuiteRunner.access$000(SuiteRunner.java:39)
	at org.testng.SuiteRunner$SuiteWorker.run(SuiteRunner.java:414)
	at org.testng.internal.thread.ThreadUtil$1.call(ThreadUtil.java:52)
	at java.base/java.util.concurrent.FutureTask.run(FutureTask.java:264)
	at java.base/java.util.concurrent.ThreadPoolExecutor.runWorker(ThreadPoolExecutor.java:1128)
	at java.base/java.util.concurrent.ThreadPoolExecutor$Worker.run(ThreadPoolExecutor.java:628)
	at java.base/java.lang.Thread.run(Thread.java:834)
]]>
            </full-stacktrace>
          </exception> <!-- java.lang.NullPointerException -->
          <reporter-output>
          </reporter-output>
        </test-method> <!-- goo -->
        <test-method signature="palindrome()[pri:0, instance:maven.Home.TwoDArray@616ac46a]" started-at="2022-06-06T12:12:45Z" name="palindrome" finished-at="2022-06-06T12:12:45Z" duration-ms="1" status="PASS">
          <reporter-output>
          </reporter-output>
        </test-method> <!-- palindrome -->
        <test-method signature="primeCheck()[pri:0, instance:maven.Home.TwoDArray@616ac46a]" started-at="2022-06-06T12:12:45Z" name="primeCheck" finished-at="2022-06-06T12:12:45Z" duration-ms="1" status="PASS">
          <reporter-output>
          </reporter-output>
        </test-method> <!-- primeCheck -->
        <test-method signature="pyramid()[pri:0, instance:maven.Home.TwoDArray@616ac46a]" started-at="2022-06-06T12:12:45Z" name="pyramid" finished-at="2022-06-06T12:12:45Z" duration-ms="1" status="PASS">
          <reporter-output>
          </reporter-output>
        </test-method> <!-- pyramid -->
        <test-method signature="smallest()[pri:0, instance:maven.Home.TwoDArray@616ac46a]" started-at="2022-06-06T12:12:45Z" name="smallest" finished-at="2022-06-06T12:12:45Z" duration-ms="1" status="PASS">
          <reporter-output>
          </reporter-output>
        </test-method> <!-- smallest -->
      </class> <!-- maven.Home.TwoDArray -->
    </test> <!-- Test1 -->
  </suite> <!-- Suite -->
</testng-results>
