<?xml version="1.0" encoding="UTF-8"?>
<testng-results ignored="0" total="1" passed="1" failed="0" skipped="0">
  <reporter-output>
  </reporter-output>
  <suite started-at="2022-09-05T15:34:21 IST" name="Default suite" finished-at="2022-09-05T15:34:21 IST" duration-ms="35">
    <groups>
    </groups>
    <test started-at="2022-09-05T15:34:21 IST" name="Default test" finished-at="2022-09-05T15:34:21 IST" duration-ms="35">
      <class name="maven.Home.seleniumPrac">
        <test-method signature="sample()[pri:0, instance:maven.Home.seleniumPrac@212b5695]" started-at="2022-09-05T15:34:21 IST" name="sample" finished-at="2022-09-05T15:34:21 IST" duration-ms="6" status="PASS">
          <reporter-output>
          </reporter-output>
        </test-method> <!-- sample -->
      </class> <!-- maven.Home.seleniumPrac -->
    </test> <!-- Default test -->
  </suite> <!-- Default suite -->
</testng-results>
